<?xml version="1.0" encoding="UTF-8"?>
<testng-results ignored="0" total="1" passed="1" failed="0" skipped="0">
  <reporter-output>
  </reporter-output>
  <suite started-at="2022-02-19T20:09:13 IST" name="Default suite" finished-at="2022-02-19T20:09:20 IST" duration-ms="7138">
    <groups>
    </groups>
    <test started-at="2022-02-19T20:09:13 IST" name="Default test" finished-at="2022-02-19T20:09:20 IST" duration-ms="7138">
      <class name="testcases.LoginPageTest">
        <test-method is-config="true" signature="SSSetUp()[pri:0, instance:testcases.LoginPageTest@28261e8e]" started-at="2022-02-19T20:09:13 IST" name="SSSetUp" finished-at="2022-02-19T20:09:19 IST" duration-ms="5838" status="PASS">
          <reporter-output>
          </reporter-output>
        </test-method> <!-- SSSetUp -->
        <test-method signature="validateLoginnnn()[pri:0, instance:testcases.LoginPageTest@28261e8e]" started-at="2022-02-19T20:09:19 IST" name="validateLoginnnn" finished-at="2022-02-19T20:09:20 IST" duration-ms="1277" status="PASS">
          <reporter-output>
          </reporter-output>
        </test-method> <!-- validateLoginnnn -->
      </class> <!-- testcases.LoginPageTest -->
    </test> <!-- Default test -->
  </suite> <!-- Default suite -->
</testng-results>
